[0.014s] Invoking command in '/home/user/ros2_ws/build/chris_description': CMAKE_PREFIX_PATH=${CMAKE_PREFIX_PATH}:/home/user/ros2_ws/install/chris_simulation:/opt/ros/jazzy DEBUGINFOD_URLS=https://debuginfod.ubuntu.com /usr/bin/cmake /home/user/ros2_ws/src/chris_description -DAMENT_CMAKE_SYMLINK_INSTALL=1 -DCMAKE_INSTALL_PREFIX=/home/user/ros2_ws/install/chris_description
[0.035s] -- Found ament_cmake: 2.5.6 (/opt/ros/jazzy/share/ament_cmake/cmake)
[0.203s] -- Override CMake install command with custom implementation using symlinks instead of copying resources
[0.210s] -- Found ament_lint_auto: 0.17.5 (/opt/ros/jazzy/share/ament_lint_auto/cmake)
[0.288s] -- Added test 'lint_cmake' to check CMake code style
[0.288s] -- Added test 'xmllint' to check XML markup files
[0.288s] -- Configuring done (0.3s)
[0.288s] -- Generating done (0.0s)
[0.288s] -- Build files have been written to: /home/user/ros2_ws/build/chris_description
[0.292s] Invoked command in '/home/user/ros2_ws/build/chris_description' returned '0': CMAKE_PREFIX_PATH=${CMAKE_PREFIX_PATH}:/home/user/ros2_ws/install/chris_simulation:/opt/ros/jazzy DEBUGINFOD_URLS=https://debuginfod.ubuntu.com /usr/bin/cmake /home/user/ros2_ws/src/chris_description -DAMENT_CMAKE_SYMLINK_INSTALL=1 -DCMAKE_INSTALL_PREFIX=/home/user/ros2_ws/install/chris_description
[0.293s] Invoking command in '/home/user/ros2_ws/build/chris_description': CMAKE_PREFIX_PATH=${CMAKE_PREFIX_PATH}:/home/user/ros2_ws/install/chris_simulation:/opt/ros/jazzy DEBUGINFOD_URLS=https://debuginfod.ubuntu.com /usr/bin/cmake --build /home/user/ros2_ws/build/chris_description -- -j4 -l4
[0.334s] Invoked command in '/home/user/ros2_ws/build/chris_description' returned '0': CMAKE_PREFIX_PATH=${CMAKE_PREFIX_PATH}:/home/user/ros2_ws/install/chris_simulation:/opt/ros/jazzy DEBUGINFOD_URLS=https://debuginfod.ubuntu.com /usr/bin/cmake --build /home/user/ros2_ws/build/chris_description -- -j4 -l4
[0.345s] Invoking command in '/home/user/ros2_ws/build/chris_description': CMAKE_PREFIX_PATH=${CMAKE_PREFIX_PATH}:/home/user/ros2_ws/install/chris_simulation:/opt/ros/jazzy DEBUGINFOD_URLS=https://debuginfod.ubuntu.com /usr/bin/cmake --install /home/user/ros2_ws/build/chris_description
[0.355s] -- Install configuration: ""
[0.355s] -- Execute custom install script
[0.355s] -- Up-to-date symlink: /home/user/ros2_ws/install/chris_description/share/chris_description/config/config.rviz
[0.355s] -- Up-to-date symlink: /home/user/ros2_ws/install/chris_description/share/chris_description/launch/description_test.launch.xml
[0.355s] -- Up-to-date symlink: /home/user/ros2_ws/install/chris_description/share/chris_description/launch/simulation.launch.xml
[0.356s] -- Up-to-date symlink: /home/user/ros2_ws/install/chris_description/share/chris_description/urdf/chris_robot.urdf
[0.356s] -- Up-to-date symlink: /home/user/ros2_ws/install/chris_description/share/ament_index/resource_index/package_run_dependencies/chris_description
[0.356s] -- Up-to-date symlink: /home/user/ros2_ws/install/chris_description/share/ament_index/resource_index/parent_prefix_path/chris_description
[0.356s] -- Up-to-date symlink: /home/user/ros2_ws/install/chris_description/share/chris_description/environment/ament_prefix_path.sh
[0.356s] -- Up-to-date symlink: /home/user/ros2_ws/install/chris_description/share/chris_description/environment/ament_prefix_path.dsv
[0.356s] -- Up-to-date symlink: /home/user/ros2_ws/install/chris_description/share/chris_description/environment/path.sh
[0.356s] -- Up-to-date symlink: /home/user/ros2_ws/install/chris_description/share/chris_description/environment/path.dsv
[0.356s] -- Up-to-date symlink: /home/user/ros2_ws/install/chris_description/share/chris_description/local_setup.bash
[0.356s] -- Up-to-date symlink: /home/user/ros2_ws/install/chris_description/share/chris_description/local_setup.sh
[0.356s] -- Up-to-date symlink: /home/user/ros2_ws/install/chris_description/share/chris_description/local_setup.zsh
[0.356s] -- Up-to-date symlink: /home/user/ros2_ws/install/chris_description/share/chris_description/local_setup.dsv
[0.356s] -- Symlinking: /home/user/ros2_ws/install/chris_description/share/chris_description/package.dsv
[0.364s] -- Up-to-date symlink: /home/user/ros2_ws/install/chris_description/share/ament_index/resource_index/packages/chris_description
[0.364s] -- Up-to-date symlink: /home/user/ros2_ws/install/chris_description/share/chris_description/cmake/chris_descriptionConfig.cmake
[0.364s] -- Up-to-date symlink: /home/user/ros2_ws/install/chris_description/share/chris_description/cmake/chris_descriptionConfig-version.cmake
[0.364s] -- Up-to-date symlink: /home/user/ros2_ws/install/chris_description/share/chris_description/package.xml
[0.366s] Invoked command in '/home/user/ros2_ws/build/chris_description' returned '0': CMAKE_PREFIX_PATH=${CMAKE_PREFIX_PATH}:/home/user/ros2_ws/install/chris_simulation:/opt/ros/jazzy DEBUGINFOD_URLS=https://debuginfod.ubuntu.com /usr/bin/cmake --install /home/user/ros2_ws/build/chris_description
