running egg_info
creating ../../build/chris_simulation/chris_simulation.egg-info
writing ../../build/chris_simulation/chris_simulation.egg-info/PKG-INFO
writing dependency_links to ../../build/chris_simulation/chris_simulation.egg-info/dependency_links.txt
writing entry points to ../../build/chris_simulation/chris_simulation.egg-info/entry_points.txt
writing requirements to ../../build/chris_simulation/chris_simulation.egg-info/requires.txt
writing top-level names to ../../build/chris_simulation/chris_simulation.egg-info/top_level.txt
writing manifest file '../../build/chris_simulation/chris_simulation.egg-info/SOURCES.txt'
reading manifest file '../../build/chris_simulation/chris_simulation.egg-info/SOURCES.txt'
adding license file 'LICENSE'
writing manifest file '../../build/chris_simulation/chris_simulation.egg-info/SOURCES.txt'
running build
running build_py
creating /home/user/ros2_ws/build/chris_simulation/build
creating /home/user/ros2_ws/build/chris_simulation/build/lib
creating /home/user/ros2_ws/build/chris_simulation/build/lib/chris_simulation
copying chris_simulation/__init__.py -> /home/user/ros2_ws/build/chris_simulation/build/lib/chris_simulation
copying chris_simulation/motion_generator.py -> /home/user/ros2_ws/build/chris_simulation/build/lib/chris_simulation
running install
running install_lib
creating /home/user/ros2_ws/install/chris_simulation/lib/python3.12/site-packages/chris_simulation
copying /home/user/ros2_ws/build/chris_simulation/build/lib/chris_simulation/__init__.py -> /home/user/ros2_ws/install/chris_simulation/lib/python3.12/site-packages/chris_simulation
copying /home/user/ros2_ws/build/chris_simulation/build/lib/chris_simulation/motion_generator.py -> /home/user/ros2_ws/install/chris_simulation/lib/python3.12/site-packages/chris_simulation
byte-compiling /home/user/ros2_ws/install/chris_simulation/lib/python3.12/site-packages/chris_simulation/__init__.py to __init__.cpython-312.pyc
byte-compiling /home/user/ros2_ws/install/chris_simulation/lib/python3.12/site-packages/chris_simulation/motion_generator.py to motion_generator.cpython-312.pyc
running install_data
creating /home/user/ros2_ws/install/chris_simulation/share/ament_index
creating /home/user/ros2_ws/install/chris_simulation/share/ament_index/resource_index
creating /home/user/ros2_ws/install/chris_simulation/share/ament_index/resource_index/packages
copying resource/chris_simulation -> /home/user/ros2_ws/install/chris_simulation/share/ament_index/resource_index/packages
copying package.xml -> /home/user/ros2_ws/install/chris_simulation/share/chris_simulation
running install_egg_info
Copying ../../build/chris_simulation/chris_simulation.egg-info to /home/user/ros2_ws/install/chris_simulation/lib/python3.12/site-packages/chris_simulation-0.0.0-py3.12.egg-info
running install_scripts
Installing motion_generator script to /home/user/ros2_ws/install/chris_simulation/lib/chris_simulation
writing list of installed files to '/home/user/ros2_ws/build/chris_simulation/install.log'
