-- Found ament_cmake: 2.5.6 (/opt/ros/jazzy/share/ament_cmake/cmake)
-- Override CMake install command with custom implementation using symlinks instead of copying resources
-- Found ament_lint_auto: 0.17.5 (/opt/ros/jazzy/share/ament_lint_auto/cmake)
-- Added test 'lint_cmake' to check CMake code style
-- Added test 'xmllint' to check XML markup files
-- Configuring done (0.2s)
-- Generating done (0.0s)
-- Build files have been written to: /home/user/ros2_ws/build/chris_description
-- Install configuration: ""
-- Execute custom install script
-- Symlinking: /home/user/ros2_ws/install/chris_description/share/chris_description/config/config.rviz
-- Symlinking: /home/user/ros2_ws/install/chris_description/share/chris_description/launch/description_test.launch.xml
-- Symlinking: /home/user/ros2_ws/install/chris_description/share/chris_description/urdf/chris_robot.urdf
-- Symlinking: /home/user/ros2_ws/install/chris_description/share/ament_index/resource_index/package_run_dependencies/chris_description
-- Symlinking: /home/user/ros2_ws/install/chris_description/share/ament_index/resource_index/parent_prefix_path/chris_description
-- Symlinking: /home/user/ros2_ws/install/chris_description/share/chris_description/environment/ament_prefix_path.sh
-- Symlinking: /home/user/ros2_ws/install/chris_description/share/chris_description/environment/ament_prefix_path.dsv
-- Symlinking: /home/user/ros2_ws/install/chris_description/share/chris_description/environment/path.sh
-- Symlinking: /home/user/ros2_ws/install/chris_description/share/chris_description/environment/path.dsv
-- Symlinking: /home/user/ros2_ws/install/chris_description/share/chris_description/local_setup.bash
-- Symlinking: /home/user/ros2_ws/install/chris_description/share/chris_description/local_setup.sh
-- Symlinking: /home/user/ros2_ws/install/chris_description/share/chris_description/local_setup.zsh
-- Symlinking: /home/user/ros2_ws/install/chris_description/share/chris_description/local_setup.dsv
-- Symlinking: /home/user/ros2_ws/install/chris_description/share/chris_description/package.dsv
-- Symlinking: /home/user/ros2_ws/install/chris_description/share/ament_index/resource_index/packages/chris_description
-- Symlinking: /home/user/ros2_ws/install/chris_description/share/chris_description/cmake/chris_descriptionConfig.cmake
-- Symlinking: /home/user/ros2_ws/install/chris_description/share/chris_description/cmake/chris_descriptionConfig-version.cmake
-- Symlinking: /home/user/ros2_ws/install/chris_description/share/chris_description/package.xml
