[0.013s] Invoking command in '/home/user/ros2_ws/build/chris_description': CMAKE_PREFIX_PATH=${CMAKE_PREFIX_PATH}:/opt/ros/jazzy DEBUGINFOD_URLS=https://debuginfod.ubuntu.com /usr/bin/cmake /home/user/ros2_ws/src/chris_description -DCMAKE_INSTALL_PREFIX=/home/user/ros2_ws/install/chris_description
[0.069s] -- The C compiler identification is GNU 13.3.0
[0.120s] -- The CXX compiler identification is GNU 13.3.0
[0.138s] -- Detecting C compiler ABI info
[0.221s] -- Detecting C compiler ABI info - done
[0.227s] -- Check for working C compiler: /usr/bin/cc - skipped
[0.227s] -- Detecting C compile features
[0.227s] -- Detecting C compile features - done
[0.238s] -- Detecting CXX compiler ABI info
[0.334s] -- Detecting CXX compiler ABI info - done
[0.341s] -- Check for working CXX compiler: /usr/bin/c++ - skipped
[0.341s] -- Detecting CXX compile features
[0.342s] -- Detecting CXX compile features - done
[0.346s] -- Found ament_cmake: 2.5.6 (/opt/ros/jazzy/share/ament_cmake/cmake)
[0.472s] -- Found Python3: /usr/bin/python3 (found version "3.12.3") found components: Interpreter 
[0.565s] -- Found ament_lint_auto: 0.17.5 (/opt/ros/jazzy/share/ament_lint_auto/cmake)
[0.653s] -- Added test 'lint_cmake' to check CMake code style
[0.654s] -- Added test 'xmllint' to check XML markup files
[0.656s] -- Configuring done (0.6s)
[0.657s] -- Generating done (0.0s)
[0.659s] -- Build files have been written to: /home/user/ros2_ws/build/chris_description
[0.664s] Invoked command in '/home/user/ros2_ws/build/chris_description' returned '0': CMAKE_PREFIX_PATH=${CMAKE_PREFIX_PATH}:/opt/ros/jazzy DEBUGINFOD_URLS=https://debuginfod.ubuntu.com /usr/bin/cmake /home/user/ros2_ws/src/chris_description -DCMAKE_INSTALL_PREFIX=/home/user/ros2_ws/install/chris_description
[0.665s] Invoking command in '/home/user/ros2_ws/build/chris_description': CMAKE_PREFIX_PATH=${CMAKE_PREFIX_PATH}:/opt/ros/jazzy DEBUGINFOD_URLS=https://debuginfod.ubuntu.com /usr/bin/cmake --build /home/user/ros2_ws/build/chris_description -- -j4 -l4
[0.702s] Invoked command in '/home/user/ros2_ws/build/chris_description' returned '0': CMAKE_PREFIX_PATH=${CMAKE_PREFIX_PATH}:/opt/ros/jazzy DEBUGINFOD_URLS=https://debuginfod.ubuntu.com /usr/bin/cmake --build /home/user/ros2_ws/build/chris_description -- -j4 -l4
[0.711s] Invoking command in '/home/user/ros2_ws/build/chris_description': CMAKE_PREFIX_PATH=${CMAKE_PREFIX_PATH}:/opt/ros/jazzy DEBUGINFOD_URLS=https://debuginfod.ubuntu.com /usr/bin/cmake --install /home/user/ros2_ws/build/chris_description
[0.719s] -- Install configuration: ""
[0.719s] -- Installing: /home/user/ros2_ws/install/chris_description/share/chris_description/config
[0.728s] -- Installing: /home/user/ros2_ws/install/chris_description/share/chris_description/config/config.rviz
[0.729s] -- Installing: /home/user/ros2_ws/install/chris_description/share/chris_description/launch
[0.729s] -- Installing: /home/user/ros2_ws/install/chris_description/share/chris_description/launch/description_test.launch.xml
[0.729s] -- Installing: /home/user/ros2_ws/install/chris_description/share/chris_description/urdf
[0.729s] -- Installing: /home/user/ros2_ws/install/chris_description/share/chris_description/urdf/chris_robot.urdf
[0.730s] -- Installing: /home/user/ros2_ws/install/chris_description/share/ament_index/resource_index/package_run_dependencies/chris_description
[0.730s] -- Installing: /home/user/ros2_ws/install/chris_description/share/ament_index/resource_index/parent_prefix_path/chris_description
[0.730s] -- Installing: /home/user/ros2_ws/install/chris_description/share/chris_description/environment/ament_prefix_path.sh
[0.730s] -- Installing: /home/user/ros2_ws/install/chris_description/share/chris_description/environment/ament_prefix_path.dsv
[0.730s] -- Installing: /home/user/ros2_ws/install/chris_description/share/chris_description/environment/path.sh
[0.731s] -- Installing: /home/user/ros2_ws/install/chris_description/share/chris_description/environment/path.dsv
[0.731s] -- Installing: /home/user/ros2_ws/install/chris_description/share/chris_description/local_setup.bash
[0.731s] -- Installing: /home/user/ros2_ws/install/chris_description/share/chris_description/local_setup.sh
[0.731s] -- Installing: /home/user/ros2_ws/install/chris_description/share/chris_description/local_setup.zsh
[0.732s] -- Installing: /home/user/ros2_ws/install/chris_description/share/chris_description/local_setup.dsv
[0.732s] -- Installing: /home/user/ros2_ws/install/chris_description/share/chris_description/package.dsv
[0.732s] -- Installing: /home/user/ros2_ws/install/chris_description/share/ament_index/resource_index/packages/chris_description
[0.732s] -- Installing: /home/user/ros2_ws/install/chris_description/share/chris_description/cmake/chris_descriptionConfig.cmake
[0.732s] -- Installing: /home/user/ros2_ws/install/chris_description/share/chris_description/cmake/chris_descriptionConfig-version.cmake
[0.732s] -- Installing: /home/user/ros2_ws/install/chris_description/share/chris_description/package.xml
[0.732s] Invoked command in '/home/user/ros2_ws/build/chris_description' returned '0': CMAKE_PREFIX_PATH=${CMAKE_PREFIX_PATH}:/opt/ros/jazzy DEBUGINFOD_URLS=https://debuginfod.ubuntu.com /usr/bin/cmake --install /home/user/ros2_ws/build/chris_description
