[0.014s] Invoking command in '/home/user/ros2_ws/build/chris_description': CMAKE_PREFIX_PATH=${CMAKE_PREFIX_PATH}:/opt/ros/jazzy DEBUGINFOD_URLS=https://debuginfod.ubuntu.com /usr/bin/cmake /home/user/ros2_ws/src/chris_description -DCMAKE_INSTALL_PREFIX=/home/user/ros2_ws/install/chris_description
[0.032s] -- Found ament_cmake: 2.5.6 (/opt/ros/jazzy/share/ament_cmake/cmake)
[0.219s] -- Override CMake install command with custom implementation using symlinks instead of copying resources
[0.224s] -- Found ament_lint_auto: 0.17.5 (/opt/ros/jazzy/share/ament_lint_auto/cmake)
[0.303s] -- Added test 'lint_cmake' to check CMake code style
[0.304s] -- Added test 'xmllint' to check XML markup files
[0.304s] -- Configuring done (0.3s)
[0.309s] -- Generating done (0.0s)
[0.310s] -- Build files have been written to: /home/user/ros2_ws/build/chris_description
[0.313s] Invoked command in '/home/user/ros2_ws/build/chris_description' returned '0': CMAKE_PREFIX_PATH=${CMAKE_PREFIX_PATH}:/opt/ros/jazzy DEBUGINFOD_URLS=https://debuginfod.ubuntu.com /usr/bin/cmake /home/user/ros2_ws/src/chris_description -DCMAKE_INSTALL_PREFIX=/home/user/ros2_ws/install/chris_description
[0.314s] Invoking command in '/home/user/ros2_ws/build/chris_description': CMAKE_PREFIX_PATH=${CMAKE_PREFIX_PATH}:/opt/ros/jazzy DEBUGINFOD_URLS=https://debuginfod.ubuntu.com /usr/bin/cmake --build /home/user/ros2_ws/build/chris_description -- -j4 -l4
[0.362s] Invoked command in '/home/user/ros2_ws/build/chris_description' returned '0': CMAKE_PREFIX_PATH=${CMAKE_PREFIX_PATH}:/opt/ros/jazzy DEBUGINFOD_URLS=https://debuginfod.ubuntu.com /usr/bin/cmake --build /home/user/ros2_ws/build/chris_description -- -j4 -l4
[0.372s] Invoking command in '/home/user/ros2_ws/build/chris_description': CMAKE_PREFIX_PATH=${CMAKE_PREFIX_PATH}:/opt/ros/jazzy DEBUGINFOD_URLS=https://debuginfod.ubuntu.com /usr/bin/cmake --install /home/user/ros2_ws/build/chris_description
[0.382s] -- Install configuration: ""
[0.382s] -- Execute custom install script
[0.382s] -- Up-to-date symlink: /home/user/ros2_ws/install/chris_description/share/chris_description/config/config.rviz
[0.382s] -- Up-to-date symlink: /home/user/ros2_ws/install/chris_description/share/chris_description/launch/description_test.launch.xml
[0.382s] -- Symlinking: /home/user/ros2_ws/install/chris_description/share/chris_description/launch/simulation.launch.xml
[0.394s] -- Up-to-date symlink: /home/user/ros2_ws/install/chris_description/share/chris_description/urdf/chris_robot.urdf
[0.394s] -- Up-to-date symlink: /home/user/ros2_ws/install/chris_description/share/ament_index/resource_index/package_run_dependencies/chris_description
[0.394s] -- Up-to-date symlink: /home/user/ros2_ws/install/chris_description/share/ament_index/resource_index/parent_prefix_path/chris_description
[0.394s] -- Up-to-date symlink: /home/user/ros2_ws/install/chris_description/share/chris_description/environment/ament_prefix_path.sh
[0.395s] -- Up-to-date symlink: /home/user/ros2_ws/install/chris_description/share/chris_description/environment/ament_prefix_path.dsv
[0.395s] -- Up-to-date symlink: /home/user/ros2_ws/install/chris_description/share/chris_description/environment/path.sh
[0.395s] -- Up-to-date symlink: /home/user/ros2_ws/install/chris_description/share/chris_description/environment/path.dsv
[0.395s] -- Up-to-date symlink: /home/user/ros2_ws/install/chris_description/share/chris_description/local_setup.bash
[0.395s] -- Up-to-date symlink: /home/user/ros2_ws/install/chris_description/share/chris_description/local_setup.sh
[0.396s] -- Up-to-date symlink: /home/user/ros2_ws/install/chris_description/share/chris_description/local_setup.zsh
[0.396s] -- Up-to-date symlink: /home/user/ros2_ws/install/chris_description/share/chris_description/local_setup.dsv
[0.396s] -- Symlinking: /home/user/ros2_ws/install/chris_description/share/chris_description/package.dsv
[0.404s] -- Up-to-date symlink: /home/user/ros2_ws/install/chris_description/share/ament_index/resource_index/packages/chris_description
[0.404s] -- Up-to-date symlink: /home/user/ros2_ws/install/chris_description/share/chris_description/cmake/chris_descriptionConfig.cmake
[0.404s] -- Up-to-date symlink: /home/user/ros2_ws/install/chris_description/share/chris_description/cmake/chris_descriptionConfig-version.cmake
[0.404s] -- Up-to-date symlink: /home/user/ros2_ws/install/chris_description/share/chris_description/package.xml
[0.408s] Invoked command in '/home/user/ros2_ws/build/chris_description' returned '0': CMAKE_PREFIX_PATH=${CMAKE_PREFIX_PATH}:/opt/ros/jazzy DEBUGINFOD_URLS=https://debuginfod.ubuntu.com /usr/bin/cmake --install /home/user/ros2_ws/build/chris_description
